[2025-05-27 22:51:08.984] User 6930630873 (No username/XHXXiTVfY) sent: '👤 Персональний словник'
[2025-05-27 22:51:09.460] Response to User 6930630873: '📚 Обрано персональний словник.'
[2025-05-27 22:51:22.328] User 6930630873 (No username/XHXXiTVfY) sent: '➕ Додати нове слово'
[2025-05-27 22:51:22.807] Response to User 6930630873: 'Введіть слово, яке хочете додати:'
[2025-05-27 22:51:27.450] User 6930630873 (No username/XHXXiTVfY) sent: 'xbbxjx'
[2025-05-27 22:51:29.609] Response to User 6930630873: 'Знайдено переклад: Xbbxjx. Це правильно?'
[2025-05-27 22:51:32.248] User 6930630873 (No username/XHXXiTVfY) sent: 'Так'
[2025-05-27 22:51:32.414] Response to User 6930630873: '✅ Слово успішно додано!'
[2025-05-27 22:51:34.875] User 6930630873 (No username/XHXXiTVfY) sent: '🌐 Загальний словник'
[2025-05-27 22:51:35.088] Response to User 6930630873: '📚 Обрано загальний словник.
⚠️ У загальному словнику ви можете тільки вчити та повторювати слова.'
[2025-05-27 22:51:40.898] User 6930630873 (No username/XHXXiTVfY) sent: '📖 Вчити нові слова'
[2025-05-27 22:51:41.095] Response to User 6930630873: '🔍 Оберіть пару слів:'
[2025-05-27 22:51:47.806] User 6930630873 (No username/XHXXiTVfY) sent: '🌐 Загальний словник'
[2025-05-27 22:51:47.977] Response to User 6930630873: '📚 Обрано загальний словник.
⚠️ У загальному словнику ви можете тільки вчити та повторювати слова.'
[2025-05-27 22:51:50.931] User 6930630873 (No username/XHXXiTVfY) sent: '➕ Додати нове слово'
[2025-05-27 22:51:51.266] Response to User 6930630873: 'Введіть слово, яке хочете додати:'
[2025-05-27 22:51:56.487] User 6930630873 (No username/XHXXiTVfY) sent: 'fkdk'
[2025-05-27 22:52:00.019] Response to User 6930630873: 'Знайдено переклад: FKDK. Це правильно?'
[2025-05-27 22:52:01.961] User 6930630873 (No username/XHXXiTVfY) sent: 'Так'
[2025-05-27 22:52:02.129] Response to User 6930630873: '✅ Слово успішно додано!'
[2025-05-27 22:53:00.483] Response to User 476376623: 'Не забудьте сьогодні потренуватись!'
[2025-05-27 22:53:00.666] Response to User 6930630873: 'Не забудьте сьогодні потренуватись!'
[2025-05-27 23:04:28.107] User 6930630873 (No username/XHXXiTVfY) sent: '➕ Додати нове слово'
[2025-05-27 23:04:28.551] Response to User 6930630873: 'Введіть слово, яке хочете додати:'
[2025-05-27 23:04:45.645] User 6930630873 (No username/XHXXiTVfY) sent: 'schlafen'
[2025-05-27 23:04:46.467] Response to User 6930630873: 'Знайдено переклад: сплячий. Це правильно?'
[2025-05-27 23:04:50.892] User 6930630873 (No username/XHXXiTVfY) sent: 'Так'
[2025-05-27 23:04:51.086] Response to User 6930630873: '✅ Слово успішно додано!'
[2025-05-27 23:04:59.981] User 6930630873 (No username/XHXXiTVfY) sent: '➕ Додати нове слово'
[2025-05-27 23:05:00.165] Response to User 6930630873: 'Введіть слово, яке хочете додати:'
[2025-05-27 23:05:15.341] User 6930630873 (No username/XHXXiTVfY) sent: 'schwimmen'
[2025-05-27 23:05:17.202] Response to User 6930630873: 'Знайдено переклад: плавати. Це правильно?'
[2025-05-27 23:05:23.965] User 6930630873 (No username/XHXXiTVfY) sent: 'Так'
[2025-05-27 23:05:24.408] Response to User 6930630873: '✅ Слово успішно додано!'
[2025-05-27 23:05:29.650] User 6930630873 (No username/XHXXiTVfY) sent: '🌐 Загальний словник'
[2025-05-27 23:05:29.878] Response to User 6930630873: '📚 Обрано загальний словник.
⚠️ У загальному словнику ви можете тільки вчити та повторювати слова.'
[2025-05-27 23:05:33.717] User 6930630873 (No username/XHXXiTVfY) sent: '📖 Вчити нові слова'
[2025-05-27 23:05:33.893] Response to User 6930630873: '🔍 Оберіть пару слів:'
[2025-05-27 23:05:57.045] User 7616425414 (language_de_helper_bot/Німецька вивчення нових слів) sent: '🔍 Оберіть пару слів:'
[2025-05-27 23:05:57.343] Response to User 6930630873: '🔍 Оберіть пару слів:'
[2025-05-27 23:05:59.608] User 6930630873 (No username/XHXXiTVfY) sent: '➕ Додати нове слово'
[2025-05-27 23:05:59.899] Response to User 6930630873: 'Введіть слово, яке хочете додати:'
[2025-05-27 23:06:03.076] User 6930630873 (No username/XHXXiTVfY) sent: 'djdbdb'
[2025-05-27 23:06:04.596] Response to User 6930630873: 'Знайдено переклад: DJDBDB. Це правильно?'
[2025-05-27 23:06:08.216] User 6930630873 (No username/XHXXiTVfY) sent: 'Так'
[2025-05-27 23:06:08.418] Response to User 6930630873: '✅ Слово успішно додано!'
[2025-05-27 23:06:21.102] User 6930630873 (No username/XHXXiTVfY) sent: '🔄 Повторити'
[2025-05-27 23:06:21.288] Response to User 6930630873: '📖 Оберіть переклад для слова: hallo'
[2025-05-27 23:06:25.573] User 6930630873 (No username/XHXXiTVfY) sent: '🌐 Загальний словник'
[2025-05-27 23:06:25.743] Response to User 6930630873: '📚 Обрано загальний словник.
⚠️ У загальному словнику ви можете тільки вчити та повторювати слова.'
[2025-05-27 23:06:47.950] User 6930630873 (No username/XHXXiTVfY) sent: '🔄 Повторити'
[2025-05-27 23:06:48.239] Response to User 6930630873: '📖 Оберіть переклад для слова: hallo'
[2025-05-27 23:06:51.167] User 7616425414 (language_de_helper_bot/Німецька вивчення нових слів) sent: '📖 Оберіть переклад для слова: hallo'
[2025-05-27 23:06:51.507] Response to User 6930630873: '📖 Оберіть переклад для слова: hallo'
[2025-05-27 23:07:03.472] User 476376623 (samkorn1/Сем) sent: '/start'
[2025-05-27 23:07:03.638] Response to User 476376623: 'Оберіть дію:'
[2025-05-27 23:07:07.845] User 476376623 (samkorn1/Сем) sent: '🌐 Загальний словник'
[2025-05-27 23:07:08.039] Response to User 476376623: '📚 Обрано загальний словник.'
[2025-05-27 23:07:10.165] User 476376623 (samkorn1/Сем) sent: '➕ Додати нове слово'
[2025-05-27 23:07:10.329] Response to User 476376623: 'Введіть слово, яке хочете додати:'
[2025-05-27 23:07:13.978] User 476376623 (samkorn1/Сем) sent: 'vvjjj'
[2025-05-27 23:07:15.821] Response to User 476376623: 'Знайдено переклад: VVJJJ. Це правильно?'
[2025-05-27 23:07:17.683] User 476376623 (samkorn1/Сем) sent: 'Так'
[2025-05-27 23:07:17.897] Response to User 476376623: '✅ Слово успішно додано!'
[2025-05-27 23:16:56.971] User 476376623 (samkorn1/Сем) sent: '/start'
[2025-05-27 23:16:57.447] Response to User 476376623: 'Оберіть дію:'
[2025-05-27 23:17:04.028] User 476376623 (samkorn1/Сем) sent: '🌐 Загальний словник'
[2025-05-27 23:17:04.241] Response to User 476376623: '📚 Обрано загальний словник.'
[2025-05-27 23:17:24.626] User 476376623 (samkorn1/Сем) sent: '➕ Додати нове слово'
[2025-05-27 23:17:24.800] Response to User 476376623: 'Введіть слово, яке хочете додати:'
[2025-05-27 23:17:30.067] User 476376623 (samkorn1/Сем) sent: 'Wasser'
[2025-05-27 23:17:31.082] ERROR: invalid destination language | Context: Critical error in main loop
[2025-05-27 23:30:48.808] User 6930630873 (No username/XHXXiTVfY) sent: '/start'
[2025-05-27 23:30:49.450] Response to User 6930630873: 'Оберіть дію:'
[2025-05-27 23:30:53.080] User 6930630873 (No username/XHXXiTVfY) sent: '🌐 Загальний словник'
[2025-05-27 23:30:53.374] Response to User 6930630873: '📚 Обрано загальний словник.
⚠️ У загальному словнику ви можете тільки вчити та повторювати слова.'
[2025-05-27 23:30:59.669] User 6930630873 (No username/XHXXiTVfY) sent: '📖 Вчити нові слова'
[2025-05-27 23:31:00.162] Response to User 6930630873: '🔍 Оберіть пару слів:'
[2025-05-27 23:31:14.596] User 7616425414 (language_de_helper_bot/Німецька вивчення нових слів) sent: '🔍 Оберіть пару слів:'
[2025-05-27 23:31:14.955] Response to User 6930630873: '🔍 Оберіть пару слів:'
[2025-05-27 23:31:17.254] User 6930630873 (No username/XHXXiTVfY) sent: '🔄 Повторити'
[2025-05-27 23:31:17.625] Response to User 6930630873: '📖 Оберіть переклад для слова: machen'
[2025-05-27 23:31:22.129] User 7616425414 (language_de_helper_bot/Німецька вивчення нових слів) sent: '📖 Оберіть переклад для слова: machen'
[2025-05-27 23:31:22.458] Response to User 6930630873: '📖 Оберіть переклад для слова: machen'
[2025-05-27 23:31:27.130] User 6930630873 (No username/XHXXiTVfY) sent: '👤 Персональний словник'
[2025-05-27 23:31:27.316] Response to User 6930630873: '📚 Обрано персональний словник.'
[2025-05-27 23:31:29.565] User 6930630873 (No username/XHXXiTVfY) sent: '➕ Додати нове слово'
[2025-05-27 23:31:30.030] Response to User 6930630873: 'Введіть слово, яке хочете додати:'
[2025-05-27 23:31:47.583] User 6930630873 (No username/XHXXiTVfY) sent: 'Kuli'
[2025-05-27 23:31:50.136] Response to User 6930630873: 'Знайдено переклад: Кулінарний. Це правильно?'
[2025-05-27 23:31:58.060] User 6930630873 (No username/XHXXiTVfY) sent: 'Відміна'
[2025-05-27 23:31:58.228] Response to User 6930630873: '🚫 Дію скасовано.'
[2025-05-27 23:32:13.077] User 6930630873 (No username/XHXXiTVfY) sent: '➕ Додати нове слово'
[2025-05-27 23:32:13.293] Response to User 6930630873: 'Введіть слово, яке хочете додати:'
[2025-05-27 23:32:15.704] User 6930630873 (No username/XHXXiTVfY) sent: 'der Kuli'
[2025-05-27 23:32:17.529] Response to User 6930630873: 'Знайдено переклад: бальпен. Це правильно?'
[2025-05-27 23:32:29.953] User 6930630873 (No username/XHXXiTVfY) sent: 'Відміна'
[2025-05-27 23:32:30.146] Response to User 6930630873: '🚫 Дію скасовано.'
[2025-05-27 23:32:31.689] User 6930630873 (No username/XHXXiTVfY) sent: '➕ Додати нове слово'
[2025-05-27 23:32:31.880] Response to User 6930630873: 'Введіть слово, яке хочете додати:'
[2025-05-27 23:32:41.167] User 6930630873 (No username/XHXXiTVfY) sent: 'Hallo'
[2025-05-27 23:32:41.967] Response to User 6930630873: 'Знайдено переклад: Привіт. Це правильно?'
[2025-05-27 23:32:46.094] User 6930630873 (No username/XHXXiTVfY) sent: 'Відміна'
[2025-05-27 23:32:46.408] Response to User 6930630873: '🚫 Дію скасовано.'
[2025-05-27 23:32:51.642] User 6930630873 (No username/XHXXiTVfY) sent: '➕ Додати нове слово'
[2025-05-27 23:32:51.856] Response to User 6930630873: 'Введіть слово, яке хочете додати:'
[2025-05-27 23:32:57.025] User 6930630873 (No username/XHXXiTVfY) sent: 'Machen'
[2025-05-27 23:32:58.011] Response to User 6930630873: 'Знайдено переклад: Робити. Це правильно?'
[2025-05-27 23:33:02.644] User 6930630873 (No username/XHXXiTVfY) sent: 'Відміна'
[2025-05-27 23:33:02.837] Response to User 6930630873: '🚫 Дію скасовано.'
[2025-05-27 23:33:14.901] User 6930630873 (No username/XHXXiTVfY) sent: '➕ Додати нове слово'
[2025-05-27 23:33:15.076] Response to User 6930630873: 'Введіть слово, яке хочете додати:'
[2025-05-27 23:33:17.595] User 6930630873 (No username/XHXXiTVfY) sent: 'zusammen'
[2025-05-27 23:33:18.380] Response to User 6930630873: 'Знайдено переклад: разом. Це правильно?'
[2025-05-27 23:33:21.547] User 6930630873 (No username/XHXXiTVfY) sent: 'Відміна'
[2025-05-27 23:33:21.741] Response to User 6930630873: '🚫 Дію скасовано.'
[2025-05-27 23:33:24.067] User 6930630873 (No username/XHXXiTVfY) sent: '➕ Додати нове слово'
[2025-05-27 23:33:24.229] Response to User 6930630873: 'Введіть слово, яке хочете додати:'
[2025-05-27 23:33:29.085] User 6930630873 (No username/XHXXiTVfY) sent: 'zusammen'
[2025-05-27 23:33:29.801] Response to User 6930630873: 'Знайдено переклад: разом. Це правильно?'
[2025-05-27 23:33:31.587] User 6930630873 (No username/XHXXiTVfY) sent: 'Так'
[2025-05-27 23:33:31.768] Response to User 6930630873: '✅ Слово успішно додано!'
[2025-05-27 23:33:37.135] User 6930630873 (No username/XHXXiTVfY) sent: '📖 Вчити нові слова'
[2025-05-27 23:33:37.360] Response to User 6930630873: '🔍 Оберіть пару слів:'
[2025-05-27 23:34:31.411] User 7616425414 (language_de_helper_bot/Німецька вивчення нових слів) sent: '🔍 Оберіть пару слів:'
[2025-05-27 23:34:31.768] Response to User 6930630873: '🔍 Оберіть пару слів:'
[2025-05-27 23:34:34.867] User 6930630873 (No username/XHXXiTVfY) sent: '🔄 Повторити'
[2025-05-27 23:34:35.235] Response to User 6930630873: '📖 Оберіть переклад для слова: hallo'
[2025-05-27 23:34:37.490] User 7616425414 (language_de_helper_bot/Німецька вивчення нових слів) sent: '📖 Оберіть переклад для слова: hallo'
[2025-05-27 23:34:37.826] Response to User 6930630873: '📖 Оберіть переклад для слова: hallo'
[2025-05-27 23:34:42.773] User 7616425414 (language_de_helper_bot/Німецька вивчення нових слів) sent: '📖 Оберіть переклад для слова: hallo'
[2025-05-27 23:34:43.106] Response to User 6930630873: '📖 Оберіть переклад для слова: xbbxjx'
[2025-05-27 23:34:52.195] User 476376623 (samkorn1/Сем) sent: '/start'
[2025-05-27 23:34:52.425] Response to User 476376623: 'Оберіть дію:'
[2025-05-27 23:35:02.639] User 476376623 (samkorn1/Сем) sent: '👤 Персональний словник'
[2025-05-27 23:35:02.905] Response to User 476376623: '📚 Обрано персональний словник.'
[2025-05-27 23:35:04.715] User 476376623 (samkorn1/Сем) sent: '📖 Вчити нові слова'
[2025-05-27 23:35:04.970] Response to User 476376623: '🔍 Оберіть пару слів:'
[2025-05-27 23:35:15.612] User 476376623 (samkorn1/Сем) sent: '🌐 Загальний словник'
[2025-05-27 23:35:15.817] Response to User 476376623: '📚 Обрано загальний словник.'
[2025-05-27 23:35:18.689] User 476376623 (samkorn1/Сем) sent: '📖 Вчити нові слова'
[2025-05-27 23:35:19.146] Response to User 476376623: '🔍 Оберіть пару слів:'
[2025-05-27 23:35:21.953] User 476376623 (samkorn1/Сем) sent: '➕ Додати нове слово'
[2025-05-27 23:35:22.312] Response to User 476376623: 'Введіть слово, яке хочете додати:'
[2025-05-27 23:35:29.320] User 476376623 (samkorn1/Сем) sent: 'Grün'
[2025-05-27 23:35:30.648] Response to User 476376623: 'Знайдено переклад: Зелений. Це правильно?'
[2025-05-27 23:35:32.397] User 476376623 (samkorn1/Сем) sent: 'Так'
[2025-05-27 23:35:32.593] Response to User 476376623: '✅ Слово успішно додано!'
[2025-05-27 23:35:34.634] User 476376623 (samkorn1/Сем) sent: '📖 Вчити нові слова'
[2025-05-27 23:35:34.854] Response to User 476376623: '🔍 Оберіть пару слів:'
[2025-05-27 23:35:36.801] User 476376623 (samkorn1/Сем) sent: '🌐 Загальний словник'
[2025-05-27 23:35:37.047] Response to User 476376623: '📚 Обрано загальний словник.'
[2025-05-27 23:35:38.413] User 476376623 (samkorn1/Сем) sent: '📖 Вчити нові слова'
[2025-05-27 23:35:38.881] Response to User 476376623: '🔍 Оберіть пару слів:'
[2025-05-27 23:35:44.572] User 476376623 (samkorn1/Сем) sent: '🌐 Загальний словник'
[2025-05-27 23:35:44.808] Response to User 476376623: '📚 Обрано загальний словник.'
[2025-05-27 23:35:58.369] User 476376623 (samkorn1/Сем) sent: '👤 Персональний словник'
[2025-05-27 23:35:58.623] Response to User 476376623: '📚 Обрано персональний словник.'
[2025-05-27 23:35:59.856] User 476376623 (samkorn1/Сем) sent: '📖 Вчити нові слова'
[2025-05-27 23:36:00.365] Response to User 476376623: '🔍 Оберіть пару слів:'
[2025-05-27 23:36:02.246] User 476376623 (samkorn1/Сем) sent: '➕ Додати нове слово'
[2025-05-27 23:36:02.595] Response to User 476376623: 'Введіть слово, яке хочете додати:'
[2025-05-27 23:36:10.009] User 476376623 (samkorn1/Сем) sent: 'Gelb'
[2025-05-27 23:36:10.816] Response to User 476376623: 'Знайдено переклад: Жовтий. Це правильно?'
[2025-05-27 23:36:14.445] User 476376623 (samkorn1/Сем) sent: 'Так'
[2025-05-27 23:36:14.673] Response to User 476376623: '✅ Слово успішно додано!'
[2025-05-27 23:36:15.947] User 476376623 (samkorn1/Сем) sent: '📖 Вчити нові слова'
[2025-05-27 23:36:16.251] Response to User 476376623: '🔍 Оберіть пару слів:'
[2025-05-27 23:36:21.327] User 476376623 (samkorn1/Сем) sent: '🔄 Повторити'
[2025-05-27 23:36:21.839] Response to User 476376623: '📖 Оберіть переклад для слова: dbkddk'
[2025-05-28 00:19:53.407] ERROR: HTTPSConnectionPool(host='api.telegram.org', port=443): Read timed out. (read timeout=25) | Context: Critical error in main loop
[2025-05-28 00:20:35.324] User 476376623 (samkorn1/Сем) sent: '🌐 Загальний словник'
[2025-05-28 00:20:35.806] Response to User 476376623: '📚 Обрано загальний словник.'
[2025-05-28 00:20:38.255] User 476376623 (samkorn1/Сем) sent: '➕ Додати нове слово'
[2025-05-28 00:20:38.401] Response to User 476376623: 'Введіть слово, яке хочете додати:'
[2025-05-28 00:20:47.309] User 476376623 (samkorn1/Сем) sent: 'Qualität'
[2025-05-28 00:20:49.124] Response to User 476376623: 'Знайдено переклад: Якість. Це правильно?'
[2025-05-28 00:20:51.385] User 476376623 (samkorn1/Сем) sent: 'Так'
[2025-05-28 00:20:51.930] Response to User 476376623: '✅ Слово успішно додано!'
[2025-05-28 00:20:53.103] User 476376623 (samkorn1/Сем) sent: '📖 Вчити нові слова'
[2025-05-28 00:20:53.253] Response to User 476376623: '🔍 Оберіть пару слів:'
[2025-05-28 00:20:56.400] User 476376623 (samkorn1/Сем) sent: '👤 Персональний словник'
[2025-05-28 00:20:56.551] Response to User 476376623: '📚 Обрано персональний словник.'
[2025-05-28 00:20:57.530] User 476376623 (samkorn1/Сем) sent: '📖 Вчити нові слова'
[2025-05-28 00:20:57.803] Response to User 476376623: '📭 У персональному словнику ще немає доданих слів.'
[2025-05-28 00:21:05.447] User 476376623 (samkorn1/Сем) sent: '➕ Додати нове слово'
[2025-05-28 00:21:05.606] Response to User 476376623: 'Введіть слово, яке хочете додати:'
[2025-05-28 00:21:08.025] User 476376623 (samkorn1/Сем) sent: 'djdiyoxo'
[2025-05-28 00:21:08.207] Response to User 476376623: '❌ Мову перекладу не обрано. Спробуйте /start.'
[2025-05-28 00:21:11.842] User 476376623 (samkorn1/Сем) sent: '/start'
[2025-05-28 00:21:11.989] Response to User 476376623: '🌍 Виберіть мову, на якій бажаєте отримувати переклад слів:'
[2025-05-28 00:21:13.829] User 476376623 (samkorn1/Сем) sent: '🇺🇦 Українська'
[2025-05-28 00:21:13.991] Response to User 476376623: '✅ Мову перекладу обрано: 🇺🇦 Українська. Тепер ви можете додавати слова та вивчати їх.'
[2025-05-28 00:21:18.237] User 476376623 (samkorn1/Сем) sent: '➕ Додати нове слово'
[2025-05-28 00:21:18.393] Response to User 476376623: 'Введіть слово, яке хочете додати:'
[2025-05-28 00:21:21.297] User 476376623 (samkorn1/Сем) sent: 'fjfofke'
[2025-05-28 00:21:23.650] Response to User 476376623: 'Знайдено переклад: fjfofke. Це правильно?'
[2025-05-28 00:21:25.093] User 476376623 (samkorn1/Сем) sent: 'Так'
[2025-05-28 00:21:25.241] Response to User 476376623: '✅ Слово успішно додано!'
[2025-05-28 00:21:37.269] User 476376623 (samkorn1/Сем) sent: '➕ Додати нове слово'
[2025-05-28 00:21:37.432] Response to User 476376623: 'Введіть слово, яке хочете додати:'
[2025-05-28 00:21:42.498] User 476376623 (samkorn1/Сем) sent: 'hallo'
[2025-05-28 00:21:43.104] Response to User 476376623: 'Знайдено переклад: Привіт. Це правильно?'
[2025-05-28 00:21:44.250] User 476376623 (samkorn1/Сем) sent: 'Так'
[2025-05-28 00:21:44.407] Response to User 476376623: '✅ Слово успішно додано!'
[2025-05-28 00:21:57.076] User 476376623 (samkorn1/Сем) sent: '🌐 Загальний словник'
[2025-05-28 00:21:57.218] Response to User 476376623: '📚 Обрано загальний словник.'
[2025-05-28 00:22:07.464] User 476376623 (samkorn1/Сем) sent: '📖 Вчити нові слова'
[2025-05-28 00:22:07.616] Response to User 476376623: '🔍 Оберіть пару слів:'
[2025-06-01 18:26:04.481] User 476376623 (samkorn1/Сем) sent: '/start'
[2025-06-01 18:26:05.087] Response to User 476376623: 'Оберіть дію:'
[2025-06-01 18:26:07.747] User 476376623 (samkorn1/Сем) sent: '👤 Персональний словник'
[2025-06-01 18:26:08.244] Response to User 476376623: '📚 Обрано персональний словник.'
[2025-06-01 18:26:10.083] User 476376623 (samkorn1/Сем) sent: '📖 Вчити нові слова'
[2025-06-01 18:26:10.325] Response to User 476376623: '📭 У персональному словнику ще немає доданих слів.'
[2025-06-01 18:26:25.000] User 476376623 (samkorn1/Сем) sent: '➕ Додати нове слово'
[2025-06-01 18:26:25.165] Response to User 476376623: 'Введіть слово, яке хочете додати:'
[2025-06-01 18:26:34.927] User 476376623 (samkorn1/Сем) sent: 'Hello'
[2025-06-01 18:26:35.640] Response to User 476376623: 'Знайдено переклад: Привет. Це правильно?'
[2025-06-01 18:26:39.625] User 476376623 (samkorn1/Сем) sent: 'Так'
[2025-06-01 18:26:39.788] Response to User 476376623: '❌ Помилка при збереженні слова.'
[2025-06-01 18:26:39.942] Response to User 476376623: '✅ Слово успішно додано!'
[2025-06-01 18:28:12.016] User 476376623 (samkorn1/Сем) sent: '🌐 Загальний словник'
[2025-06-01 18:28:12.568] Response to User 476376623: '📚 Обрано загальний словник.'
[2025-06-01 18:28:16.561] User 476376623 (samkorn1/Сем) sent: '📖 Вчити нові слова'
[2025-06-01 18:28:16.800] Response to User 476376623: '🔍 Оберіть пару слів:'
[2025-06-01 18:28:30.563] ERROR: 'id' | Context: Critical error in main loop
[2025-06-01 18:28:38.581] ERROR: 'id' | Context: Critical error in main loop
[2025-06-01 18:28:46.059] ERROR: 'id' | Context: Critical error in main loop
[2025-06-01 18:28:53.551] ERROR: 'id' | Context: Critical error in main loop
[2025-06-01 19:10:51.118] ERROR: HTTPSConnectionPool(host='api.telegram.org', port=443): Read timed out. (read timeout=25) | Context: Critical error in main loop
[2025-06-01 19:13:45.341] ERROR: HTTPSConnectionPool(host='api.telegram.org', port=443): Read timed out. (read timeout=25) | Context: Critical error in main loop
[2025-06-01 19:54:05.714] User 476376623 (samkorn1/Сем) sent: '/start'
[2025-06-01 19:54:06.275] Response to User 476376623: 'Оберіть дію:'
[2025-06-01 19:54:07.686] User 476376623 (samkorn1/Сем) sent: '➕ Додати нове слово'
[2025-06-01 19:54:07.910] Response to User 476376623: 'Введіть слово, яке хочете додати:'
[2025-06-01 19:54:09.076] User 476376623 (samkorn1/Сем) sent: 'Відміна'
[2025-06-01 19:54:09.592] Response to User 476376623: '🚫 Дію скасовано.'
[2025-06-01 19:54:10.470] User 476376623 (samkorn1/Сем) sent: '👤 Персональний словник'
[2025-06-01 19:54:10.655] Response to User 476376623: '📚 Обрано персональний словник.'
[2025-06-01 19:54:12.392] User 476376623 (samkorn1/Сем) sent: '📖 Вчити нові слова'
[2025-06-01 19:54:12.686] Response to User 476376623: '🔍 Оберіть пару слів:'
[2025-06-01 19:54:50.251] User 476376623 (samkorn1/Сем) sent: '🔄 Повторити'
[2025-06-01 19:54:50.632] Response to User 476376623: '📖 Оберіть переклад для слова: Geburtstag'
[2025-06-01 19:54:56.914] User 7588170834 (language_learn_helper_bot/Learn language bot) sent: '📖 Оберіть переклад для слова: Geburtstag'
[2025-06-01 19:54:57.215] Response to User 476376623: '📖 Оберіть переклад для слова: ein bisschen'
[2025-06-01 19:56:11.776] User 7588170834 (language_learn_helper_bot/Learn language bot) sent: '📖 Оберіть переклад для слова: ein bisschen'
[2025-06-01 19:56:12.040] Response to User 476376623: '📖 Оберіть переклад для слова: Lobet'
[2025-06-01 20:03:59.162] User 476376623 (samkorn1/Сем) sent: '/start'
[2025-06-01 20:03:59.612] Response to User 476376623: '🌍 Виберіть мову, на якій бажаєте отримувати переклад слів:'
[2025-06-01 20:04:15.238] User 476376623 (samkorn1/Сем) sent: '/start'
[2025-06-01 20:04:15.780] Response to User 476376623: '🌍 Виберіть мову, на якій бажаєте отримувати переклад слів:'
[2025-06-01 20:15:39.859] User 476376623 (samkorn1/Сем) sent: '/start'
[2025-06-01 20:15:40.289] Response to User 476376623: 'Оберіть дію:'
[2025-06-01 20:15:43.346] User 476376623 (samkorn1/Сем) sent: '👤 Персональний словник'
[2025-06-01 20:15:43.643] Response to User 476376623: '📚 Обрано персональний словник.'
[2025-06-01 20:15:45.278] User 476376623 (samkorn1/Сем) sent: '📖 Вчити нові слова'
[2025-06-01 20:15:45.833] Response to User 476376623: '🔍 Оберіть пару слів:'
[2025-06-01 20:20:41.022] User 476376623 (samkorn1/Сем) sent: '🌐 Загальний словник'
[2025-06-01 20:20:41.244] Response to User 476376623: '📚 Обрано загальний словник.'
[2025-06-01 20:20:43.084] User 476376623 (samkorn1/Сем) sent: '🔄 Повторити'
[2025-06-01 20:20:43.496] Response to User 476376623: '📖 Оберіть переклад для слова: Gottesdienst'
[2025-06-01 20:20:45.365] User 476376623 (samkorn1/Сем) sent: '📖 Вчити нові слова'
[2025-06-01 20:20:45.745] Response to User 476376623: '🔍 Оберіть пару слів:'
[2025-06-01 20:22:02.786] User 476376623 (samkorn1/Сем) sent: '🌐 Загальний словник'
[2025-06-01 20:22:03.018] Response to User 476376623: '📚 Обрано загальний словник.'
[2025-06-01 20:22:04.732] User 476376623 (samkorn1/Сем) sent: '🔄 Повторити'
[2025-06-01 20:22:05.317] Response to User 476376623: '📖 Оберіть переклад для слова: Montag'
[2025-06-01 20:22:06.505] User 476376623 (samkorn1/Сем) sent: '📖 Вчити нові слова'
[2025-06-01 20:22:06.823] Response to User 476376623: '🔍 Оберіть пару слів:'
[2025-06-01 20:37:21.898] ERROR: HTTPSConnectionPool(host='api.telegram.org', port=443): Read timed out. (read timeout=25) | Context: Critical error in main loop
[2025-06-01 20:51:03.827] User 754888441 (Oyasuminosay/Alleyandra) sent: '/start'
[2025-06-01 20:51:04.366] Response to User 754888441: 'Оберіть дію:'
[2025-06-01 20:59:37.025] User 476376623 (samkorn1/Сем) sent: '/start'
[2025-06-01 20:59:37.574] Response to User 476376623: 'Оберіть дію:'
[2025-06-01 20:59:40.294] User 476376623 (samkorn1/Сем) sent: '👤 Персональний словник'
[2025-06-01 20:59:40.918] Response to User 476376623: '📚 Обрано персональний словник.'
[2025-06-01 20:59:47.061] User 476376623 (samkorn1/Сем) sent: '📖 Вчити нові слова'
[2025-06-01 20:59:47.319] Response to User 476376623: '🔍 Оберіть пару слів:'
[2025-06-01 21:00:03.143] User 476376623 (samkorn1/Сем) sent: '🔄 Повторити'
[2025-06-01 21:00:03.758] Response to User 476376623: '📖 Оберіть переклад для слова: Montag'
[2025-06-01 21:00:06.517] User 7588170834 (language_learn_helper_bot/Learn language bot) sent: '📖 Оберіть переклад для слова: Montag'
[2025-06-01 21:00:06.987] Response to User 476376623: '📖 Оберіть переклад для слова: Bliebe'
[2025-06-01 21:00:08.435] User 476376623 (samkorn1/Сем) sent: '📖 Вчити нові слова'
[2025-06-01 21:00:08.987] Response to User 476376623: '🔍 Оберіть пару слів:'
[2025-06-01 21:00:14.189] User 476376623 (samkorn1/Сем) sent: '🌐 Загальний словник'
[2025-06-01 21:00:14.582] Response to User 476376623: '📚 Обрано загальний словник.'
[2025-06-01 21:00:15.628] User 476376623 (samkorn1/Сем) sent: '📖 Вчити нові слова'
[2025-06-01 21:00:16.063] Response to User 476376623: '🔍 Оберіть пару слів:'
[2025-06-01 21:11:58.453] User 476376623 (samkorn1/Сем) sent: '/start'
[2025-06-01 21:11:58.973] Response to User 476376623: 'Оберіть дію:'
[2025-06-01 21:12:02.419] User 476376623 (samkorn1/Сем) sent: '📖 Вчити нові слова'
[2025-06-01 21:12:03.067] Response to User 476376623: '🔍 Оберіть пару слів:'
[2025-06-01 21:17:57.907] User 476376623 (samkorn1/Сем) sent: '➕ Додати нове слово'
[2025-06-01 21:17:58.268] Response to User 476376623: 'Введіть слово, яке хочете додати:'
[2025-06-01 21:18:16.470] User 476376623 (samkorn1/Сем) sent: 'gelt'
[2025-06-01 21:18:19.458] Response to User 476376623: 'Знайдено переклад: камердинер. Це правильно?'
[2025-06-01 21:18:24.445] User 476376623 (samkorn1/Сем) sent: 'Відміна'
[2025-06-01 21:18:24.641] Response to User 476376623: '🚫 Дію скасовано.'
[2025-06-01 21:18:49.457] User 476376623 (samkorn1/Сем) sent: '➕ Додати нове слово'
[2025-06-01 21:18:49.664] Response to User 476376623: 'Введіть слово, яке хочете додати:'
[2025-06-01 21:18:52.506] User 476376623 (samkorn1/Сем) sent: 'Gelb'
[2025-06-01 21:18:53.316] Response to User 476376623: 'Знайдено переклад: Желтый. Це правильно?'
[2025-06-01 21:20:11.426] User 476376623 (samkorn1/Сем) sent: 'Так'
[2025-06-01 21:20:11.673] Response to User 476376623: '✅ Слово успішно додано!'
[2025-06-01 21:20:11.934] Response to User 476376623: '✅ Слово успішно додано!'
[2025-06-01 21:21:24.872] User 476376623 (samkorn1/Сем) sent: '👤 Персональний словник'
[2025-06-01 21:21:25.419] Response to User 476376623: '📚 Обрано персональний словник.'
[2025-06-01 21:21:27.097] User 476376623 (samkorn1/Сем) sent: '📖 Вчити нові слова'
[2025-06-01 21:21:27.314] Response to User 476376623: '🔍 Оберіть пару слів:'
[2025-06-01 21:22:35.427] User 7588170834 (language_learn_helper_bot/Learn language bot) sent: '🔍 Оберіть пару слів:'
[2025-06-01 21:22:35.780] Response to User 476376623: '🔍 Оберіть пару слів:'
[2025-06-01 21:30:52.818] User 476376623 (samkorn1/Сем) sent: '/start'
[2025-06-01 21:30:53.311] Response to User 476376623: 'Оберіть дію:'
[2025-06-01 21:30:55.196] User 476376623 (samkorn1/Сем) sent: '📖 Вчити нові слова'
[2025-06-01 21:30:55.832] Response to User 476376623: '🔍 Оберіть пару слів:'
[2025-06-01 21:32:15.249] User 7588170834 (language_learn_helper_bot/Learn language bot) sent: '🔍 Оберіть пару слів:'
[2025-06-01 21:32:15.622] Response to User 476376623: '🔍 Оберіть пару слів:'
[2025-06-01 21:37:16.196] ERROR: HTTPSConnectionPool(host='api.telegram.org', port=443): Read timed out. (read timeout=25) | Context: Critical error in main loop
